E:\CSCI480\ASSIGN1_STARTERCODE_WINDOWSVS\ASSIGN1\ASSIGN1\DEBUG\ASSIGN1.OBJ
E:\CSCI480\ASSIGN1_STARTERCODE_WINDOWSVS\ASSIGN1\ASSIGN1\DEBUG\VC100.PDB
E:\CSCI480\ASSIGN1_STARTERCODE_WINDOWSVS\ASSIGN1\DEBUG\ASSIGN1.ILK
E:\CSCI480\ASSIGN1_STARTERCODE_WINDOWSVS\ASSIGN1\DEBUG\ASSIGN1.EXE
E:\CSCI480\ASSIGN1_STARTERCODE_WINDOWSVS\ASSIGN1\ASSIGN1\DEBUG\ASSIGN1.EXE.INTERMEDIATE.MANIFEST
E:\CSCI480\ASSIGN1_STARTERCODE_WINDOWSVS\ASSIGN1\DEBUG\ASSIGN1.PDB
E:\CSCI480\ASSIGN1_STARTERCODE_WINDOWSVS\ASSIGN1\DEBUG\ASSIGN1.EXE.MANIFEST
E:\CSCI480\ASSIGN1_STARTERCODE_WINDOWSVS\ASSIGN1\ASSIGN1\DEBUG\ASSIGN1.EXE.EMBED.MANIFEST.RES
E:\CSCI480\assign1_starterCode_windowsVS\assign1\assign1\Debug\cl.command.1.tlog
E:\CSCI480\assign1_starterCode_windowsVS\assign1\assign1\Debug\CL.read.1.tlog
E:\CSCI480\assign1_starterCode_windowsVS\assign1\assign1\Debug\CL.write.1.tlog
E:\CSCI480\assign1_starterCode_windowsVS\assign1\assign1\Debug\link.10072.read.1.tlog
E:\CSCI480\assign1_starterCode_windowsVS\assign1\assign1\Debug\link.10072.write.1.tlog
E:\CSCI480\assign1_starterCode_windowsVS\assign1\assign1\Debug\link.10088.read.1.tlog
E:\CSCI480\assign1_starterCode_windowsVS\assign1\assign1\Debug\link.10088.write.1.tlog
E:\CSCI480\assign1_starterCode_windowsVS\assign1\assign1\Debug\link.10144.read.1.tlog
E:\CSCI480\assign1_starterCode_windowsVS\assign1\assign1\Debug\link.10144.write.1.tlog
E:\CSCI480\assign1_starterCode_windowsVS\assign1\assign1\Debug\link.10188.read.1.tlog
E:\CSCI480\assign1_starterCode_windowsVS\assign1\assign1\Debug\link.10188.write.1.tlog
E:\CSCI480\assign1_starterCode_windowsVS\assign1\assign1\Debug\link.10364.read.1.tlog
E:\CSCI480\assign1_starterCode_windowsVS\assign1\assign1\Debug\link.10364.write.1.tlog
E:\CSCI480\assign1_starterCode_windowsVS\assign1\assign1\Debug\link.10644.read.1.tlog
E:\CSCI480\assign1_starterCode_windowsVS\assign1\assign1\Debug\link.10644.write.1.tlog
E:\CSCI480\assign1_starterCode_windowsVS\assign1\assign1\Debug\link.10748.read.1.tlog
E:\CSCI480\assign1_starterCode_windowsVS\assign1\assign1\Debug\link.10748.write.1.tlog
E:\CSCI480\assign1_starterCode_windowsVS\assign1\assign1\Debug\link.10752.read.1.tlog
E:\CSCI480\assign1_starterCode_windowsVS\assign1\assign1\Debug\link.10752.write.1.tlog
E:\CSCI480\assign1_starterCode_windowsVS\assign1\assign1\Debug\link.10912.read.1.tlog
E:\CSCI480\assign1_starterCode_windowsVS\assign1\assign1\Debug\link.10912.write.1.tlog
E:\CSCI480\assign1_starterCode_windowsVS\assign1\assign1\Debug\link.10932.read.1.tlog
E:\CSCI480\assign1_starterCode_windowsVS\assign1\assign1\Debug\link.10932.write.1.tlog
E:\CSCI480\assign1_starterCode_windowsVS\assign1\assign1\Debug\link.11020.read.1.tlog
E:\CSCI480\assign1_starterCode_windowsVS\assign1\assign1\Debug\link.11020.write.1.tlog
E:\CSCI480\assign1_starterCode_windowsVS\assign1\assign1\Debug\link.11120.read.1.tlog
E:\CSCI480\assign1_starterCode_windowsVS\assign1\assign1\Debug\link.11120.write.1.tlog
E:\CSCI480\assign1_starterCode_windowsVS\assign1\assign1\Debug\link.11156.read.1.tlog
E:\CSCI480\assign1_starterCode_windowsVS\assign1\assign1\Debug\link.11156.write.1.tlog
E:\CSCI480\assign1_starterCode_windowsVS\assign1\assign1\Debug\link.11168.read.1.tlog
E:\CSCI480\assign1_starterCode_windowsVS\assign1\assign1\Debug\link.11168.write.1.tlog
E:\CSCI480\assign1_starterCode_windowsVS\assign1\assign1\Debug\link.11232.read.1.tlog
E:\CSCI480\assign1_starterCode_windowsVS\assign1\assign1\Debug\link.11232.write.1.tlog
E:\CSCI480\assign1_starterCode_windowsVS\assign1\assign1\Debug\link.11272.read.1.tlog
E:\CSCI480\assign1_starterCode_windowsVS\assign1\assign1\Debug\link.11272.write.1.tlog
E:\CSCI480\assign1_starterCode_windowsVS\assign1\assign1\Debug\link.11296.read.1.tlog
E:\CSCI480\assign1_starterCode_windowsVS\assign1\assign1\Debug\link.11296.write.1.tlog
E:\CSCI480\assign1_starterCode_windowsVS\assign1\assign1\Debug\link.11604.read.1.tlog
E:\CSCI480\assign1_starterCode_windowsVS\assign1\assign1\Debug\link.11604.write.1.tlog
E:\CSCI480\assign1_starterCode_windowsVS\assign1\assign1\Debug\link.11632.read.1.tlog
E:\CSCI480\assign1_starterCode_windowsVS\assign1\assign1\Debug\link.11632.write.1.tlog
E:\CSCI480\assign1_starterCode_windowsVS\assign1\assign1\Debug\link.11752.read.1.tlog
E:\CSCI480\assign1_starterCode_windowsVS\assign1\assign1\Debug\link.11752.write.1.tlog
E:\CSCI480\assign1_starterCode_windowsVS\assign1\assign1\Debug\link.11876.read.1.tlog
E:\CSCI480\assign1_starterCode_windowsVS\assign1\assign1\Debug\link.11876.write.1.tlog
E:\CSCI480\assign1_starterCode_windowsVS\assign1\assign1\Debug\link.11972.read.1.tlog
E:\CSCI480\assign1_starterCode_windowsVS\assign1\assign1\Debug\link.11972.write.1.tlog
E:\CSCI480\assign1_starterCode_windowsVS\assign1\assign1\Debug\link.12168.read.1.tlog
E:\CSCI480\assign1_starterCode_windowsVS\assign1\assign1\Debug\link.12168.write.1.tlog
E:\CSCI480\assign1_starterCode_windowsVS\assign1\assign1\Debug\link.12260.read.1.tlog
E:\CSCI480\assign1_starterCode_windowsVS\assign1\assign1\Debug\link.12260.write.1.tlog
E:\CSCI480\assign1_starterCode_windowsVS\assign1\assign1\Debug\link.12552.read.1.tlog
E:\CSCI480\assign1_starterCode_windowsVS\assign1\assign1\Debug\link.12552.write.1.tlog
E:\CSCI480\assign1_starterCode_windowsVS\assign1\assign1\Debug\link.12564.read.1.tlog
E:\CSCI480\assign1_starterCode_windowsVS\assign1\assign1\Debug\link.12564.write.1.tlog
E:\CSCI480\assign1_starterCode_windowsVS\assign1\assign1\Debug\link.12924.read.1.tlog
E:\CSCI480\assign1_starterCode_windowsVS\assign1\assign1\Debug\link.12924.write.1.tlog
E:\CSCI480\assign1_starterCode_windowsVS\assign1\assign1\Debug\link.13004.read.1.tlog
E:\CSCI480\assign1_starterCode_windowsVS\assign1\assign1\Debug\link.13004.write.1.tlog
E:\CSCI480\assign1_starterCode_windowsVS\assign1\assign1\Debug\link.13552.read.1.tlog
E:\CSCI480\assign1_starterCode_windowsVS\assign1\assign1\Debug\link.13552.write.1.tlog
E:\CSCI480\assign1_starterCode_windowsVS\assign1\assign1\Debug\link.13628.read.1.tlog
E:\CSCI480\assign1_starterCode_windowsVS\assign1\assign1\Debug\link.13628.write.1.tlog
E:\CSCI480\assign1_starterCode_windowsVS\assign1\assign1\Debug\link.14056.read.1.tlog
E:\CSCI480\assign1_starterCode_windowsVS\assign1\assign1\Debug\link.14056.write.1.tlog
E:\CSCI480\assign1_starterCode_windowsVS\assign1\assign1\Debug\link.14656.read.1.tlog
E:\CSCI480\assign1_starterCode_windowsVS\assign1\assign1\Debug\link.14656.write.1.tlog
E:\CSCI480\assign1_starterCode_windowsVS\assign1\assign1\Debug\link.15552.read.1.tlog
E:\CSCI480\assign1_starterCode_windowsVS\assign1\assign1\Debug\link.15552.write.1.tlog
E:\CSCI480\assign1_starterCode_windowsVS\assign1\assign1\Debug\link.1564.read.1.tlog
E:\CSCI480\assign1_starterCode_windowsVS\assign1\assign1\Debug\link.1564.write.1.tlog
E:\CSCI480\assign1_starterCode_windowsVS\assign1\assign1\Debug\link.16084.read.1.tlog
E:\CSCI480\assign1_starterCode_windowsVS\assign1\assign1\Debug\link.16084.write.1.tlog
E:\CSCI480\assign1_starterCode_windowsVS\assign1\assign1\Debug\link.16360.read.1.tlog
E:\CSCI480\assign1_starterCode_windowsVS\assign1\assign1\Debug\link.16360.write.1.tlog
E:\CSCI480\assign1_starterCode_windowsVS\assign1\assign1\Debug\link.18012.read.1.tlog
E:\CSCI480\assign1_starterCode_windowsVS\assign1\assign1\Debug\link.18012.write.1.tlog
E:\CSCI480\assign1_starterCode_windowsVS\assign1\assign1\Debug\link.18548.read.1.tlog
E:\CSCI480\assign1_starterCode_windowsVS\assign1\assign1\Debug\link.18548.write.1.tlog
E:\CSCI480\assign1_starterCode_windowsVS\assign1\assign1\Debug\link.18968.read.1.tlog
E:\CSCI480\assign1_starterCode_windowsVS\assign1\assign1\Debug\link.18968.write.1.tlog
E:\CSCI480\assign1_starterCode_windowsVS\assign1\assign1\Debug\link.19336.read.1.tlog
E:\CSCI480\assign1_starterCode_windowsVS\assign1\assign1\Debug\link.19336.write.1.tlog
E:\CSCI480\assign1_starterCode_windowsVS\assign1\assign1\Debug\link.19364.read.1.tlog
E:\CSCI480\assign1_starterCode_windowsVS\assign1\assign1\Debug\link.19364.write.1.tlog
E:\CSCI480\assign1_starterCode_windowsVS\assign1\assign1\Debug\link.19468.read.1.tlog
E:\CSCI480\assign1_starterCode_windowsVS\assign1\assign1\Debug\link.19468.write.1.tlog
E:\CSCI480\assign1_starterCode_windowsVS\assign1\assign1\Debug\link.20156.read.1.tlog
E:\CSCI480\assign1_starterCode_windowsVS\assign1\assign1\Debug\link.20156.write.1.tlog
E:\CSCI480\assign1_starterCode_windowsVS\assign1\assign1\Debug\link.20608.read.1.tlog
E:\CSCI480\assign1_starterCode_windowsVS\assign1\assign1\Debug\link.20608.write.1.tlog
E:\CSCI480\assign1_starterCode_windowsVS\assign1\assign1\Debug\link.20752.read.1.tlog
E:\CSCI480\assign1_starterCode_windowsVS\assign1\assign1\Debug\link.20752.write.1.tlog
E:\CSCI480\assign1_starterCode_windowsVS\assign1\assign1\Debug\link.21040.read.1.tlog
E:\CSCI480\assign1_starterCode_windowsVS\assign1\assign1\Debug\link.21040.write.1.tlog
E:\CSCI480\assign1_starterCode_windowsVS\assign1\assign1\Debug\link.21228.read.1.tlog
E:\CSCI480\assign1_starterCode_windowsVS\assign1\assign1\Debug\link.21228.write.1.tlog
E:\CSCI480\assign1_starterCode_windowsVS\assign1\assign1\Debug\link.22268.read.1.tlog
E:\CSCI480\assign1_starterCode_windowsVS\assign1\assign1\Debug\link.22268.write.1.tlog
E:\CSCI480\assign1_starterCode_windowsVS\assign1\assign1\Debug\link.22868.read.1.tlog
E:\CSCI480\assign1_starterCode_windowsVS\assign1\assign1\Debug\link.22868.write.1.tlog
E:\CSCI480\assign1_starterCode_windowsVS\assign1\assign1\Debug\link.24888.read.1.tlog
E:\CSCI480\assign1_starterCode_windowsVS\assign1\assign1\Debug\link.24888.write.1.tlog
E:\CSCI480\assign1_starterCode_windowsVS\assign1\assign1\Debug\link.25016.read.1.tlog
E:\CSCI480\assign1_starterCode_windowsVS\assign1\assign1\Debug\link.25016.write.1.tlog
E:\CSCI480\assign1_starterCode_windowsVS\assign1\assign1\Debug\link.3352.read.1.tlog
E:\CSCI480\assign1_starterCode_windowsVS\assign1\assign1\Debug\link.3352.write.1.tlog
E:\CSCI480\assign1_starterCode_windowsVS\assign1\assign1\Debug\link.3672.read.1.tlog
E:\CSCI480\assign1_starterCode_windowsVS\assign1\assign1\Debug\link.3672.write.1.tlog
E:\CSCI480\assign1_starterCode_windowsVS\assign1\assign1\Debug\link.4308.read.1.tlog
E:\CSCI480\assign1_starterCode_windowsVS\assign1\assign1\Debug\link.4308.write.1.tlog
E:\CSCI480\assign1_starterCode_windowsVS\assign1\assign1\Debug\link.4368.read.1.tlog
E:\CSCI480\assign1_starterCode_windowsVS\assign1\assign1\Debug\link.4368.write.1.tlog
E:\CSCI480\assign1_starterCode_windowsVS\assign1\assign1\Debug\link.5224.read.1.tlog
E:\CSCI480\assign1_starterCode_windowsVS\assign1\assign1\Debug\link.5224.write.1.tlog
E:\CSCI480\assign1_starterCode_windowsVS\assign1\assign1\Debug\link.5392.read.1.tlog
E:\CSCI480\assign1_starterCode_windowsVS\assign1\assign1\Debug\link.5392.write.1.tlog
E:\CSCI480\assign1_starterCode_windowsVS\assign1\assign1\Debug\link.5428.read.1.tlog
E:\CSCI480\assign1_starterCode_windowsVS\assign1\assign1\Debug\link.5428.write.1.tlog
E:\CSCI480\assign1_starterCode_windowsVS\assign1\assign1\Debug\link.5612.read.1.tlog
E:\CSCI480\assign1_starterCode_windowsVS\assign1\assign1\Debug\link.5612.write.1.tlog
E:\CSCI480\assign1_starterCode_windowsVS\assign1\assign1\Debug\link.5872.read.1.tlog
E:\CSCI480\assign1_starterCode_windowsVS\assign1\assign1\Debug\link.5872.write.1.tlog
E:\CSCI480\assign1_starterCode_windowsVS\assign1\assign1\Debug\link.6052.read.1.tlog
E:\CSCI480\assign1_starterCode_windowsVS\assign1\assign1\Debug\link.6052.write.1.tlog
E:\CSCI480\assign1_starterCode_windowsVS\assign1\assign1\Debug\link.6096.read.1.tlog
E:\CSCI480\assign1_starterCode_windowsVS\assign1\assign1\Debug\link.6096.write.1.tlog
E:\CSCI480\assign1_starterCode_windowsVS\assign1\assign1\Debug\link.6264.read.1.tlog
E:\CSCI480\assign1_starterCode_windowsVS\assign1\assign1\Debug\link.6264.write.1.tlog
E:\CSCI480\assign1_starterCode_windowsVS\assign1\assign1\Debug\link.6736.read.1.tlog
E:\CSCI480\assign1_starterCode_windowsVS\assign1\assign1\Debug\link.6736.write.1.tlog
E:\CSCI480\assign1_starterCode_windowsVS\assign1\assign1\Debug\link.6788.read.1.tlog
E:\CSCI480\assign1_starterCode_windowsVS\assign1\assign1\Debug\link.6788.write.1.tlog
E:\CSCI480\assign1_starterCode_windowsVS\assign1\assign1\Debug\link.6840.read.1.tlog
E:\CSCI480\assign1_starterCode_windowsVS\assign1\assign1\Debug\link.6840.write.1.tlog
E:\CSCI480\assign1_starterCode_windowsVS\assign1\assign1\Debug\link.6928.read.1.tlog
E:\CSCI480\assign1_starterCode_windowsVS\assign1\assign1\Debug\link.6928.write.1.tlog
E:\CSCI480\assign1_starterCode_windowsVS\assign1\assign1\Debug\link.708.read.1.tlog
E:\CSCI480\assign1_starterCode_windowsVS\assign1\assign1\Debug\link.708.write.1.tlog
E:\CSCI480\assign1_starterCode_windowsVS\assign1\assign1\Debug\link.7080.read.1.tlog
E:\CSCI480\assign1_starterCode_windowsVS\assign1\assign1\Debug\link.7080.write.1.tlog
E:\CSCI480\assign1_starterCode_windowsVS\assign1\assign1\Debug\link.7164.read.1.tlog
E:\CSCI480\assign1_starterCode_windowsVS\assign1\assign1\Debug\link.7164.write.1.tlog
E:\CSCI480\assign1_starterCode_windowsVS\assign1\assign1\Debug\link.7168.read.1.tlog
E:\CSCI480\assign1_starterCode_windowsVS\assign1\assign1\Debug\link.7168.write.1.tlog
E:\CSCI480\assign1_starterCode_windowsVS\assign1\assign1\Debug\link.7360.read.1.tlog
E:\CSCI480\assign1_starterCode_windowsVS\assign1\assign1\Debug\link.7360.write.1.tlog
E:\CSCI480\assign1_starterCode_windowsVS\assign1\assign1\Debug\link.7808.read.1.tlog
E:\CSCI480\assign1_starterCode_windowsVS\assign1\assign1\Debug\link.7808.write.1.tlog
E:\CSCI480\assign1_starterCode_windowsVS\assign1\assign1\Debug\link.800.read.1.tlog
E:\CSCI480\assign1_starterCode_windowsVS\assign1\assign1\Debug\link.800.write.1.tlog
E:\CSCI480\assign1_starterCode_windowsVS\assign1\assign1\Debug\link.8108.read.1.tlog
E:\CSCI480\assign1_starterCode_windowsVS\assign1\assign1\Debug\link.8108.write.1.tlog
E:\CSCI480\assign1_starterCode_windowsVS\assign1\assign1\Debug\link.8112.read.1.tlog
E:\CSCI480\assign1_starterCode_windowsVS\assign1\assign1\Debug\link.8112.write.1.tlog
E:\CSCI480\assign1_starterCode_windowsVS\assign1\assign1\Debug\link.8304.read.1.tlog
E:\CSCI480\assign1_starterCode_windowsVS\assign1\assign1\Debug\link.8304.write.1.tlog
E:\CSCI480\assign1_starterCode_windowsVS\assign1\assign1\Debug\link.8368.read.1.tlog
E:\CSCI480\assign1_starterCode_windowsVS\assign1\assign1\Debug\link.8368.write.1.tlog
E:\CSCI480\assign1_starterCode_windowsVS\assign1\assign1\Debug\link.8404.read.1.tlog
E:\CSCI480\assign1_starterCode_windowsVS\assign1\assign1\Debug\link.8404.write.1.tlog
E:\CSCI480\assign1_starterCode_windowsVS\assign1\assign1\Debug\link.8468.read.1.tlog
E:\CSCI480\assign1_starterCode_windowsVS\assign1\assign1\Debug\link.8468.write.1.tlog
E:\CSCI480\assign1_starterCode_windowsVS\assign1\assign1\Debug\link.8564.read.1.tlog
E:\CSCI480\assign1_starterCode_windowsVS\assign1\assign1\Debug\link.8564.write.1.tlog
E:\CSCI480\assign1_starterCode_windowsVS\assign1\assign1\Debug\link.8596.read.1.tlog
E:\CSCI480\assign1_starterCode_windowsVS\assign1\assign1\Debug\link.8596.write.1.tlog
E:\CSCI480\assign1_starterCode_windowsVS\assign1\assign1\Debug\link.8740.read.1.tlog
E:\CSCI480\assign1_starterCode_windowsVS\assign1\assign1\Debug\link.8740.write.1.tlog
E:\CSCI480\assign1_starterCode_windowsVS\assign1\assign1\Debug\link.8764.read.1.tlog
E:\CSCI480\assign1_starterCode_windowsVS\assign1\assign1\Debug\link.8764.write.1.tlog
E:\CSCI480\assign1_starterCode_windowsVS\assign1\assign1\Debug\link.8860.read.1.tlog
E:\CSCI480\assign1_starterCode_windowsVS\assign1\assign1\Debug\link.8860.write.1.tlog
E:\CSCI480\assign1_starterCode_windowsVS\assign1\assign1\Debug\link.8984.read.1.tlog
E:\CSCI480\assign1_starterCode_windowsVS\assign1\assign1\Debug\link.8984.write.1.tlog
E:\CSCI480\assign1_starterCode_windowsVS\assign1\assign1\Debug\link.8988.read.1.tlog
E:\CSCI480\assign1_starterCode_windowsVS\assign1\assign1\Debug\link.8988.write.1.tlog
E:\CSCI480\assign1_starterCode_windowsVS\assign1\assign1\Debug\link.9016.read.1.tlog
E:\CSCI480\assign1_starterCode_windowsVS\assign1\assign1\Debug\link.9016.write.1.tlog
E:\CSCI480\assign1_starterCode_windowsVS\assign1\assign1\Debug\link.9308.read.1.tlog
E:\CSCI480\assign1_starterCode_windowsVS\assign1\assign1\Debug\link.9308.write.1.tlog
E:\CSCI480\assign1_starterCode_windowsVS\assign1\assign1\Debug\link.9384.read.1.tlog
E:\CSCI480\assign1_starterCode_windowsVS\assign1\assign1\Debug\link.9384.write.1.tlog
E:\CSCI480\assign1_starterCode_windowsVS\assign1\assign1\Debug\link.9440.read.1.tlog
E:\CSCI480\assign1_starterCode_windowsVS\assign1\assign1\Debug\link.9440.write.1.tlog
E:\CSCI480\assign1_starterCode_windowsVS\assign1\assign1\Debug\link.9508.read.1.tlog
E:\CSCI480\assign1_starterCode_windowsVS\assign1\assign1\Debug\link.9508.write.1.tlog
E:\CSCI480\assign1_starterCode_windowsVS\assign1\assign1\Debug\link.9516.read.1.tlog
E:\CSCI480\assign1_starterCode_windowsVS\assign1\assign1\Debug\link.9516.write.1.tlog
E:\CSCI480\assign1_starterCode_windowsVS\assign1\assign1\Debug\link.9756.read.1.tlog
E:\CSCI480\assign1_starterCode_windowsVS\assign1\assign1\Debug\link.9756.write.1.tlog
E:\CSCI480\assign1_starterCode_windowsVS\assign1\assign1\Debug\link.command.1.tlog
E:\CSCI480\assign1_starterCode_windowsVS\assign1\assign1\Debug\link.read.1.tlog
E:\CSCI480\assign1_starterCode_windowsVS\assign1\assign1\Debug\link.write.1.tlog
E:\CSCI480\assign1_starterCode_windowsVS\assign1\assign1\Debug\mt.command.1.tlog
E:\CSCI480\assign1_starterCode_windowsVS\assign1\assign1\Debug\mt.read.1.tlog
E:\CSCI480\assign1_starterCode_windowsVS\assign1\assign1\Debug\mt.write.1.tlog
E:\CSCI480\assign1_starterCode_windowsVS\assign1\assign1\Debug\rc.command.1.tlog
E:\CSCI480\assign1_starterCode_windowsVS\assign1\assign1\Debug\rc.read.1.tlog
E:\CSCI480\assign1_starterCode_windowsVS\assign1\assign1\Debug\rc.write.1.tlog
E:\CSCI480\assign1_starterCode_windowsVS\assign1\assign1\Debug\assign1.exe.embed.manifest
E:\CSCI480\assign1_starterCode_windowsVS\assign1\assign1\Debug\assign1.exe.intermediate.manifest
E:\CSCI480\assign1_starterCode_windowsVS\assign1\assign1\Debug\assign1.exe.embed.manifest.res
E:\CSCI480\assign1_starterCode_windowsVS\assign1\assign1\Debug\vc100.idb
E:\CSCI480\assign1_starterCode_windowsVS\assign1\assign1\Debug\vc100.pdb
E:\CSCI480\assign1_starterCode_windowsVS\assign1\assign1\Debug\assign1_manifest.rc
E:\CSCI480\assign1_starterCode_windowsVS\assign1\Debug\assign1.exe.manifest
E:\CSCI480\assign1_starterCode_windowsVS\assign1\Debug\assign1.pdb
E:\CSCI480\assign1_starterCode_windowsVS\assign1\Debug\assign1.exe
E:\CSCI480\assign1_starterCode_windowsVS\assign1\Debug\assign1.ilk
